<?xml version="1.0" encoding="UTF-8"?>
<testsuite xmlns:xsi="http://www.w3.org/2001/XMLSchema-instance" xsi:noNamespaceSchemaLocation="https://maven.apache.org/surefire/maven-surefire-plugin/xsd/surefire-test-report-3.0.xsd" version="3.0" name="SmockTest" time="4.331" tests="4" errors="0" skipped="0" failures="0">
  <properties>
[...]
</properties>
  <testcase name="testCreateNewUser" classname="SmockTest" time="2.044">
    <system-out><![CDATA[✅ Using Token: 0253d0e32e79e36d3da8fd9bce3054e329132cb6343303925d829ca6e2b43129
HTTP/1.1 201 Created
Date: Wed, 26 Feb 2025 23:36:57 GMT
Content-Type: application/json; charset=utf-8
Content-Length: 110
Connection: keep-alive
Cache-Control: max-age=0, private, must-revalidate
etag: W/"d6a473102d94c066c319815daaa186ee"
feature-policy: camera 'none'; gyroscope 'none'; microphone 'none'; usb 'none'; fullscreen 'self'
location: https://gorest.co.in/public/v2/users/7726419
referrer-policy: strict-origin-when-cross-origin
vary: Origin
x-content-type-options: nosniff
x-download-options: noopen
x-frame-options: SAMEORIGIN
x-permitted-cross-domain-policies: none
x-ratelimit-limit: 90
x-ratelimit-remaining: 86
x-ratelimit-reset: 1
x-request-id: 3fc7353c-8ec1-40cb-af4c-de8a32b43617
x-runtime: 0.074541
x-xss-protection: 0
cf-cache-status: DYNAMIC
Report-To: {"endpoints":[{"url":"https:\/\/a.nel.cloudflare.com\/report\/v4?s=gCg4u4Fu3qTiO%2Bf2CsvEP591wPKoVPCRxq%2FEHSbuZXNsDgjUDVNUcBkdmBRR8UXxEerUPl%2Bk48W74xcNThZTdFUCa6t9Wq01%2FlI%2Bl%2BGfULByJa8w6038cJ%2BoZUeHtwc%3D"}],"group":"cf-nel","max_age":604800}
NEL: {"success_fraction":0,"report_to":"cf-nel","max_age":604800}
Server: cloudflare
CF-RAY: 9183c2a0dfd4ce76-SIN
alt-svc: h3=":443"; ma=86400
server-timing: cfL4;desc="?proto=TCP&rtt=32053&min_rtt=29846&rtt_var=12765&sent=7&recv=7&lost=0&retrans=0&sent_bytes=2842&recv_bytes=841&delivery_rate=95066&cwnd=252&unsent_bytes=0&cid=6643e2ab87ab7a40&ts=418&x=0"

{
    "id": 7726419,
    "name": "John Doe",
    "email": "john.doe1740613000591@example.com",
    "gender": "male",
    "status": "active"
}
✅ Created User ID: 7726419
]]></system-out>
  </testcase>
  <testcase name="testGetUser" classname="SmockTest" time="0.355"/>
  <testcase name="testUpdateUser" classname="SmockTest" time="0.364">
    <system-out><![CDATA[✅ User Updated Successfully: ID 7726419
]]></system-out>
  </testcase>
  <testcase name="testDeleteUser" classname="SmockTest" time="0.725">
    <system-out><![CDATA[HTTP/1.1 204 No Content
Date: Wed, 26 Feb 2025 23:36:59 GMT
Connection: keep-alive
Cache-Control: no-cache
feature-policy: camera 'none'; gyroscope 'none'; microphone 'none'; usb 'none'; fullscreen 'self'
referrer-policy: strict-origin-when-cross-origin
vary: Origin
x-content-type-options: nosniff
x-download-options: noopen
x-frame-options: SAMEORIGIN
x-permitted-cross-domain-policies: none
x-ratelimit-limit: 90
x-ratelimit-remaining: 88
x-ratelimit-reset: 2
x-request-id: b692cf34-b630-482a-b714-d4c9f34d2aeb
x-runtime: 0.066708
x-xss-protection: 0
cf-cache-status: DYNAMIC
Report-To: {"endpoints":[{"url":"https:\/\/a.nel.cloudflare.com\/report\/v4?s=M%2B%2FLunGKFvgXZU8gqIufvmAOjTikp%2FivHcHGxFjL%2BDOPNiC9MV3vBrcRwscjTbRXOr2PENKsW5D9LCi%2BCMoM9sX5OVZIYHXJiu3JbPd6bLpXw9GwE6uOnXAyfpkJewc%3D"}],"group":"cf-nel","max_age":604800}
NEL: {"success_fraction":0,"report_to":"cf-nel","max_age":604800}
Server: cloudflare
CF-RAY: 9183c2ab2e84ce7e-SIN
alt-svc: h3=":443"; ma=86400
server-timing: cfL4;desc="?proto=TCP&rtt=32206&min_rtt=31603&rtt_var=9358&sent=7&recv=7&lost=0&retrans=0&sent_bytes=2842&recv_bytes=702&delivery_rate=91890&cwnd=252&unsent_bytes=0&cid=accad56aacd3463f&ts=265&x=0"
🗑️ User Deleted Successfully: ID 7726419
]]></system-out>
  </testcase>
</testsuite>